[debug] [2023-11-09T02:42:03.384Z] ----------------------------------------------------------------------
[debug] [2023-11-09T02:42:03.393Z] Command:       C:\Program Files\nodejs\node.exe C:\Users\sienr\AppData\Roaming\npm\node_modules\firebase-tools\lib\bin\firebase.js deploy
[debug] [2023-11-09T02:42:03.394Z] CLI Version:   12.5.3
[debug] [2023-11-09T02:42:03.395Z] Platform:      win32
[debug] [2023-11-09T02:42:03.396Z] Node Version:  v18.16.1
[debug] [2023-11-09T02:42:03.399Z] Time:          Thu Nov 09 2023 11:42:03 GMT+0900 (日本標準時)
[debug] [2023-11-09T02:42:03.400Z] ----------------------------------------------------------------------
[debug] 
[debug] [2023-11-09T02:42:03.740Z] > command requires scopes: ["email","openid","https://www.googleapis.com/auth/cloudplatformprojects.readonly","https://www.googleapis.com/auth/firebase","https://www.googleapis.com/auth/cloud-platform"]
[debug] [2023-11-09T02:42:03.743Z] > authorizing via signed-in user (c4stusnoda2016eizou@gmail.com)
[debug] [2023-11-09T02:42:03.744Z] [iam] checking project c4s-portal for permissions ["cloudfunctions.functions.create","cloudfunctions.functions.delete","cloudfunctions.functions.get","cloudfunctions.functions.list","cloudfunctions.functions.update","cloudfunctions.operations.get","firebase.projects.get","firebasehosting.sites.update"]
[debug] [2023-11-09T02:42:03.752Z] > refreshing access token with scopes: []
[debug] [2023-11-09T02:42:03.779Z] >>> [apiv2][query] POST https://www.googleapis.com/oauth2/v3/token [none]
[debug] [2023-11-09T02:42:03.781Z] >>> [apiv2][body] POST https://www.googleapis.com/oauth2/v3/token [omitted]
[debug] [2023-11-09T02:42:04.201Z] <<< [apiv2][status] POST https://www.googleapis.com/oauth2/v3/token 200
[debug] [2023-11-09T02:42:04.203Z] <<< [apiv2][body] POST https://www.googleapis.com/oauth2/v3/token [omitted]
[debug] [2023-11-09T02:42:04.230Z] >>> [apiv2][query] POST https://cloudresourcemanager.googleapis.com/v1/projects/c4s-portal:testIamPermissions [none]
[debug] [2023-11-09T02:42:04.231Z] >>> [apiv2][(partial)header] POST https://cloudresourcemanager.googleapis.com/v1/projects/c4s-portal:testIamPermissions x-goog-quota-user=projects/c4s-portal
[debug] [2023-11-09T02:42:04.231Z] >>> [apiv2][body] POST https://cloudresourcemanager.googleapis.com/v1/projects/c4s-portal:testIamPermissions {"permissions":["cloudfunctions.functions.create","cloudfunctions.functions.delete","cloudfunctions.functions.get","cloudfunctions.functions.list","cloudfunctions.functions.update","cloudfunctions.operations.get","firebase.projects.get","firebasehosting.sites.update"]}
[debug] [2023-11-09T02:42:04.992Z] <<< [apiv2][status] POST https://cloudresourcemanager.googleapis.com/v1/projects/c4s-portal:testIamPermissions 200
[debug] [2023-11-09T02:42:04.992Z] <<< [apiv2][body] POST https://cloudresourcemanager.googleapis.com/v1/projects/c4s-portal:testIamPermissions {"permissions":["cloudfunctions.functions.create","cloudfunctions.functions.delete","cloudfunctions.functions.get","cloudfunctions.functions.list","cloudfunctions.functions.update","cloudfunctions.operations.get","firebase.projects.get","firebasehosting.sites.update"]}
[debug] [2023-11-09T02:42:04.992Z] >>> [apiv2][query] POST https://iam.googleapis.com/v1/projects/c4s-portal/serviceAccounts/c4s-portal@appspot.gserviceaccount.com:testIamPermissions [none]
[debug] [2023-11-09T02:42:04.993Z] >>> [apiv2][body] POST https://iam.googleapis.com/v1/projects/c4s-portal/serviceAccounts/c4s-portal@appspot.gserviceaccount.com:testIamPermissions {"permissions":["iam.serviceAccounts.actAs"]}
[debug] [2023-11-09T02:42:06.023Z] <<< [apiv2][status] POST https://iam.googleapis.com/v1/projects/c4s-portal/serviceAccounts/c4s-portal@appspot.gserviceaccount.com:testIamPermissions 200
[debug] [2023-11-09T02:42:06.023Z] <<< [apiv2][body] POST https://iam.googleapis.com/v1/projects/c4s-portal/serviceAccounts/c4s-portal@appspot.gserviceaccount.com:testIamPermissions {"permissions":["iam.serviceAccounts.actAs"]}
[debug] [2023-11-09T02:42:06.027Z] >>> [apiv2][query] GET https://firebase.googleapis.com/v1beta1/projects/c4s-portal [none]
[debug] [2023-11-09T02:42:06.438Z] <<< [apiv2][status] GET https://firebase.googleapis.com/v1beta1/projects/c4s-portal 200
[debug] [2023-11-09T02:42:06.438Z] <<< [apiv2][body] GET https://firebase.googleapis.com/v1beta1/projects/c4s-portal {"projectId":"c4s-portal","projectNumber":"863775995414","displayName":"c4s-portal","name":"projects/c4s-portal","resources":{"hostingSite":"c4s-portal","realtimeDatabaseInstance":"c4s-portal-default-rtdb","storageBucket":"c4s-portal.appspot.com","locationId":"asia-northeast1"},"state":"ACTIVE","etag":"1_ad216e64-0155-455c-bd69-94b319ac1567"}
[info] 
[info] === Deploying to 'c4s-portal'...
[info] 
[info] i  deploying functions, hosting 
[debug] [2023-11-09T02:42:06.459Z] >>> [apiv2][query] GET https://firebase.googleapis.com/v1beta1/projects/c4s-portal [none]
